<?xml version="1.0" encoding="UTF-8"?>
<testng-results ignored="0" total="1" passed="1" failed="0" skipped="0">
  <reporter-output>
  </reporter-output>
  <suite started-at="2024-12-09T10:49:53 IST" name="Default suite" finished-at="2024-12-09T10:50:01 IST" duration-ms="7511">
    <groups>
    </groups>
    <test started-at="2024-12-09T10:49:53 IST" name="Default test" finished-at="2024-12-09T10:50:01 IST" duration-ms="7511">
      <class name="testNG_Assertions.Script2">
        <test-method signature="signup()[pri:0, instance:testNG_Assertions.Script2@7fee8714]" started-at="2024-12-09T10:49:53 IST" name="signup" finished-at="2024-12-09T10:50:01 IST" duration-ms="7479" status="PASS">
          <reporter-output>
          </reporter-output>
        </test-method> <!-- signup -->
      </class> <!-- testNG_Assertions.Script2 -->
    </test> <!-- Default test -->
  </suite> <!-- Default suite -->
</testng-results>
